<?xml version="1.0" encoding="UTF-8"?>
<!-- Generated by org.testng.reporters.JUnitReportReporter -->
<testsuite hostname="Zaker" failures="0" tests="1" name="Assignment.APIAssignment.AddNewDeviceAPI" time="16.053" errors="0" timestamp="2024-09-29T14:22:40 IST" skipped="0">
  <testcase classname="Assignment.APIAssignment.AddNewDeviceAPI" name="AddDevice" time="16.053"/>
</testsuite> <!-- Assignment.APIAssignment.AddNewDeviceAPI -->
